[25-Mar-2025 16:25:15 UTC] PHP Warning:  Undefined array key "host" in /workspaces/UX308Lab6/.wordpress/wp-includes/pluggable.php on line 1625
[25-Mar-2025 17:54:27 UTC] PHP Fatal error:  Out of memory (allocated 37748736) (tried to allocate 8192 bytes) in /workspaces/UX308Lab6/.wordpress/wp-admin/includes/ajax-actions.php on line 4741
[25-Mar-2025 17:54:27 UTC] PHP Fatal error:  Out of memory (allocated 37748736) (tried to allocate 8192 bytes) in /workspaces/UX308Lab6/.wordpress/wp-includes/functions.php on line 6893
[25-Mar-2025 17:54:35 UTC] PHP Fatal error:  Out of memory (allocated 35651584) (tried to allocate 2097152 bytes) in /workspaces/UX308Lab6/.wordpress/wp-content/plugins/ecommerce-product-catalog/modules/price/price-meta.php on line 31
[25-Mar-2025 17:54:41 UTC] PHP Fatal error:  Out of memory (allocated 33554432) (tried to allocate 2097152 bytes) in /workspaces/UX308Lab6/.wordpress/wp-content/plugins/ecommerce-product-catalog/modules/price/price-settings.php on line 22
[25-Mar-2025 17:54:42 UTC] PHP Fatal error:  Out of memory (allocated 31457280) (tried to allocate 2097152 bytes) in /workspaces/UX308Lab6/.wordpress/wp-content/plugins/ecommerce-product-catalog/modules/price/price-settings.php on line 21
[25-Mar-2025 17:54:45 UTC] PHP Fatal error:  Out of memory (allocated 31457280) (tried to allocate 2097152 bytes) in /workspaces/UX308Lab6/.wordpress/wp-content/plugins/ecommerce-product-catalog/modules/price/price-meta.php on line 31
[25-Mar-2025 17:54:47 UTC] PHP Fatal error:  Out of memory (allocated 31457280) (tried to allocate 2097152 bytes) in /workspaces/UX308Lab6/.wordpress/wp-content/plugins/ecommerce-product-catalog/modules/price/price-settings.php on line 21
[25-Mar-2025 17:54:55 UTC] PHP Fatal error:  Out of memory (allocated 31457280) (tried to allocate 2097152 bytes) in /workspaces/UX308Lab6/.wordpress/wp-content/plugins/ecommerce-product-catalog/modules/price/price-meta.php on line 31
[25-Mar-2025 17:55:05 UTC] PHP Fatal error:  Out of memory (allocated 31457280) (tried to allocate 2097152 bytes) in /workspaces/UX308Lab6/.wordpress/wp-content/plugins/ecommerce-product-catalog/modules/price/price-meta.php on line 31
[25-Mar-2025 17:55:06 UTC] PHP Fatal error:  Out of memory (allocated 31457280) (tried to allocate 2097152 bytes) in /workspaces/UX308Lab6/.wordpress/wp-content/plugins/ecommerce-product-catalog/modules/price/price-settings.php on line 21
[25-Mar-2025 17:55:15 UTC] PHP Fatal error:  Out of memory (allocated 31457280) (tried to allocate 2097152 bytes) in /workspaces/UX308Lab6/.wordpress/wp-content/plugins/ecommerce-product-catalog/modules/price/price-meta.php on line 31
[25-Mar-2025 17:55:16 UTC] PHP Fatal error:  Out of memory (allocated 31457280) (tried to allocate 2097152 bytes) in /workspaces/UX308Lab6/.wordpress/wp-content/plugins/ecommerce-product-catalog/modules/price/price-settings.php on line 21
[25-Mar-2025 17:55:18 UTC] PHP Fatal error:  Out of memory (allocated 31457280) (tried to allocate 2097152 bytes) in /workspaces/UX308Lab6/.wordpress/wp-content/plugins/ecommerce-product-catalog/modules/price/price-meta.php on line 32
[25-Mar-2025 17:55:19 UTC] PHP Fatal error:  Out of memory (allocated 31457280) (tried to allocate 2097152 bytes) in /workspaces/UX308Lab6/.wordpress/wp-content/plugins/ecommerce-product-catalog/functions/functions.php on line 1824
[25-Mar-2025 17:55:22 UTC] PHP Fatal error:  Out of memory (allocated 31457280) (tried to allocate 2097152 bytes) in /workspaces/UX308Lab6/.wordpress/wp-content/plugins/ecommerce-product-catalog/ext-comp/index.php on line 58
[25-Mar-2025 17:55:29 UTC] PHP Fatal error:  Out of memory (allocated 31457280) (tried to allocate 2097152 bytes) in /workspaces/UX308Lab6/.wordpress/wp-content/plugins/ecommerce-product-catalog/functions/functions.php on line 1824
[25-Mar-2025 17:55:29 UTC] PHP Fatal error:  Out of memory (allocated 31457280) (tried to allocate 2097152 bytes) in /workspaces/UX308Lab6/.wordpress/wp-content/plugins/ecommerce-product-catalog/functions/shortcodes.php on line 90
[09-Apr-2025 20:41:07 UTC] PHP Warning:  Undefined variable $parent_theme_name in /workspaces/Assignment-2/.wordpress/wp-content/mu-plugins/one-click-child-theme/templates/create_child_form.php on line 18
[09-Apr-2025 20:46:19 UTC] PHP Parse error:  Unmatched '}' in /workspaces/Assignment-2/.wordpress/wp-content/themes/chatbot/functions.php on line 17
[09-Apr-2025 20:46:19 UTC] PHP Warning:  Trying to access array offset on value of type bool in /workspaces/Assignment-2/.wordpress/wp-includes/class-wp-recovery-mode-email-service.php on line 367
[09-Apr-2025 20:46:19 UTC] PHP Warning:  Trying to access array offset on value of type bool in /workspaces/Assignment-2/.wordpress/wp-includes/class-wp-recovery-mode-email-service.php on line 368
[09-Apr-2025 20:46:19 UTC] PHP Fatal error:  Uncaught Error: Call to undefined function ic_string_contains() in /workspaces/Assignment-2/.wordpress/wp-content/plugins/ecommerce-product-catalog/includes/tracking.php:454
Stack trace:
#0 /workspaces/Assignment-2/.wordpress/wp-includes/class-wp-hook.php(324): IC_EPC_Tracking->paused_plugin_report_email(Array, 'http://localhos...')
#1 /workspaces/Assignment-2/.wordpress/wp-includes/plugin.php(205): WP_Hook->apply_filters(Array, Array)
#2 /workspaces/Assignment-2/.wordpress/wp-includes/class-wp-recovery-mode-email-service.php(223): apply_filters('recovery_mode_e...', Array, 'http://localhos...')
#3 /workspaces/Assignment-2/.wordpress/wp-includes/class-wp-recovery-mode-email-service.php(62): WP_Recovery_Mode_Email_Service->send_recovery_mode_email(86400, Array, Array)
#4 /workspaces/Assignment-2/.wordpress/wp-includes/class-wp-recovery-mode.php(185): WP_Recovery_Mode_Email_Service->maybe_send_recovery_mode_email(86400, Array, Array)
#5 /workspaces/Assignment-2/.wordpress/wp-includes/class-wp-fatal-error-handler.php(55): WP_Recovery_Mode->handle_error(Array)
#6 [internal function]: WP_Fatal_Error_Handler->handle()
#7 {main}
  thrown in /workspaces/Assignment-2/.wordpress/wp-content/plugins/ecommerce-product-catalog/includes/tracking.php on line 454
[09-Apr-2025 20:46:31 UTC] PHP Parse error:  Unmatched '}' in /workspaces/Assignment-2/.wordpress/wp-content/themes/chatbot/functions.php on line 17
[09-Apr-2025 20:46:39 UTC] PHP Parse error:  Unmatched '}' in /workspaces/Assignment-2/.wordpress/wp-content/themes/chatbot/functions.php on line 17
[09-Apr-2025 20:46:42 UTC] PHP Parse error:  Unmatched '}' in /workspaces/Assignment-2/.wordpress/wp-content/themes/chatbot/functions.php on line 17
[09-Apr-2025 20:46:44 UTC] PHP Parse error:  Unmatched '}' in /workspaces/Assignment-2/.wordpress/wp-content/themes/chatbot/functions.php on line 17
[09-Apr-2025 20:46:54 UTC] PHP Parse error:  Unmatched '}' in /workspaces/Assignment-2/.wordpress/wp-content/themes/chatbot/functions.php on line 17
[09-Apr-2025 20:48:25 UTC] PHP Parse error:  Unmatched '}' in /workspaces/Assignment-2/.wordpress/wp-content/themes/chatbot/functions.php on line 17
[09-Apr-2025 20:48:31 UTC] PHP Parse error:  Unmatched '}' in /workspaces/Assignment-2/.wordpress/wp-content/themes/chatbot/functions.php on line 17
